<?xml version="1.0" encoding="UTF-8"?>
<!-- Generated by org.testng.reporters.JUnitReportReporter -->
<testsuite hostname="LAPTOP-79C88I1L" failures="0" tests="1" name="com.vtiger.campaign.Test.CreateCompaignalongWithproductTest" time="60.042" errors="0" timestamp="2022-05-21T09:58:00 IST" skipped="0">
  <testcase classname="com.vtiger.campaign.Test.CreateCompaignalongWithproductTest" name="createCompaignalongWithproductTest" time="60.042"/>
  <system-out/>
</testsuite> <!-- com.vtiger.campaign.Test.CreateCompaignalongWithproductTest -->
