<?xml version="1.0" encoding="UTF-8"?>
<!-- Generated by org.testng.reporters.JUnitReportReporter -->
<testsuite hostname="LAPTOP-79C88I1L" failures="0" tests="1" name="com.vtiger.practice.CreateOrganizationTest" time="42.958" errors="0" timestamp="2022-05-18T17:11:46 IST" skipped="0">
  <testcase classname="com.vtiger.practice.CreateOrganizationTest" name="CreateOrganizationTest1" time="42.958"/>
  <system-out/>
</testsuite> <!-- com.vtiger.practice.CreateOrganizationTest -->
