<?xml version="1.0" encoding="UTF-8"?>
<!-- Generated by org.testng.reporters.JUnitReportReporter -->
<testsuite hostname="LAPTOP-79C88I1L" failures="0" tests="1" name="com.vtiger.practice.CreateDocumentTest" time="41.456" errors="0" timestamp="2022-05-19T14:58:22 IST" skipped="0">
  <testcase classname="com.vtiger.practice.CreateDocumentTest" name="createDocumentTest" time="41.456"/>
  <system-out/>
</testsuite> <!-- com.vtiger.practice.CreateDocumentTest -->
