<?xml version="1.0" encoding="UTF-8"?>
<!-- Generated by org.testng.reporters.JUnitReportReporter -->
<testsuite hostname="LAPTOP-79C88I1L" failures="0" tests="1" name="com.vtiger.document.Test.CreateDocumentTest" time="18.807" errors="0" timestamp="2022-05-21T09:59:48 IST" skipped="0">
  <testcase classname="com.vtiger.document.Test.CreateDocumentTest" name="createDocumentTest" time="18.807"/>
  <system-out/>
</testsuite> <!-- com.vtiger.document.Test.CreateDocumentTest -->
