<?xml version="1.0" encoding="UTF-8"?>
<!-- Generated by org.testng.reporters.JUnitReportReporter -->
<testsuite hostname="LAPTOP-79C88I1L" failures="0" tests="1" name="com.vtiger.contacts.Test.CreateContactwithOrganizationTest" time="51.795" errors="0" timestamp="2022-05-21T09:58:00 IST" skipped="0">
  <testcase classname="com.vtiger.contacts.Test.CreateContactwithOrganizationTest" name="createContactwithOrganizationTest" time="51.795"/>
  <system-out/>
</testsuite> <!-- com.vtiger.contacts.Test.CreateContactwithOrganizationTest -->
