<?xml version="1.0" encoding="UTF-8"?>
<!-- Generated by org.testng.reporters.JUnitReportReporter -->
<testsuite hostname="LAPTOP-79C88I1L" failures="0" tests="3" name="com.vtiger.practice.TestNgPracticeTest1" time="0.011" errors="0" timestamp="2022-05-22T11:45:24 IST" skipped="0">
  <testcase classname="com.vtiger.practice.TestNgPracticeTest1" name="practiceTest" time="0.002"/>
  <system-out>
    <![CDATA[mahesh ---------->  234]]>
  </system-out>
  <testcase classname="com.vtiger.practice.TestNgPracticeTest1" name="practiceTest" time="0.007"/>
  <system-out>
    <![CDATA[ramesh ---------->  123]]>
  </system-out>
  <testcase classname="com.vtiger.practice.TestNgPracticeTest1" name="practiceTest" time="0.002"/>
  <system-out>
    <![CDATA[suresh ---------->  23]]>
  </system-out>
</testsuite> <!-- com.vtiger.practice.TestNgPracticeTest1 -->
