<?xml version="1.0" encoding="UTF-8"?>
<!-- Generated by org.testng.reporters.JUnitReportReporter -->
<testsuite hostname="LAPTOP-79C88I1L" failures="0" tests="1" name="com.vtiger.campaign.Test.CreateCampaignByusingPropertyFileAndExcelTest" time="26.522" errors="0" timestamp="2022-05-17T16:00:03 IST" skipped="0">
  <testcase classname="com.vtiger.campaign.Test.CreateCampaignByusingPropertyFileAndExcelTest" name="createCompaignTest" time="26.522"/>
  <system-out/>
</testsuite> <!-- com.vtiger.campaign.Test.CreateCampaignByusingPropertyFileAndExcelTest -->
