<?xml version="1.0" encoding="UTF-8"?>
<!-- Generated by org.testng.reporters.JUnitReportReporter -->
<testsuite hostname="LAPTOP-79C88I1L" failures="0" tests="1" name="com.vtiger.organization.Test.CreateOrganizationTest" time="26.352" errors="0" timestamp="2022-05-21T09:58:00 IST" skipped="0">
  <testcase classname="com.vtiger.organization.Test.CreateOrganizationTest" name="createOrganizationTest" time="26.352"/>
  <system-out/>
</testsuite> <!-- com.vtiger.organization.Test.CreateOrganizationTest -->
